# JRE version: OpenJDK Runtime Environment (8.0_152-b01) (build 1.8.0_152-release-915-b01)
# Java VM: OpenJDK 64-Bit Server VM (25.152-b01 mixed mode linux-amd64 compressed oops)
Heap:
 PSYoungGen      total 203776K, used 26086K [0x00000000e0000000, 0x00000000eef80000, 0x0000000100000000)
  eden space 177664K, 0% used [0x00000000e0000000,0x00000000e0000000,0x00000000ead80000)
  from space 26112K, 99% used [0x00000000ead80000,0x00000000ec6f9890,0x00000000ec700000)
  to   space 19968K, 0% used [0x00000000ec700000,0x00000000ec700000,0x00000000eda80000)
 ParOldGen       total 81408K, used 37226K [0x00000000a0000000, 0x00000000a4f80000, 0x00000000e0000000)
  object space 81408K, 45% used [0x00000000a0000000,0x00000000a245a830,0x00000000a4f80000)
 Metaspace       used 48859K, capacity 49686K, committed 50136K, reserved 1093632K
  class space    used 6116K, capacity 6293K, committed 6400K, reserved 1048576K
GC Heap History (10 events):
Event: 399.454 GC heap after
Heap after GC invocations=7 (full 2):
 PSYoungGen      total 68608K, used 5095K [0x00000000e0000000, 0x00000000e7b00000, 0x0000000100000000)
  eden space 63488K, 0% used [0x00000000e0000000,0x00000000e0000000,0x00000000e3e00000)
  from space 5120K, 99% used [0x00000000e3e00000,0x00000000e42f9c20,0x00000000e4300000)
  to   space 5120K, 0% used [0x00000000e7600000,0x00000000e7600000,0x00000000e7b00000)
 ParOldGen       total 47104K, used 11896K [0x00000000a0000000, 0x00000000a2e00000, 0x00000000e0000000)
  object space 47104K, 25% used [0x00000000a0000000,0x00000000a0b9e328,0x00000000a2e00000)
 Metaspace       used 25670K, capacity 26034K, committed 26368K, reserved 1073152K
  class space    used 3415K, capacity 3525K, committed 3584K, reserved 1048576K
}
Event: 598.189 GC heap before
{Heap before GC invocations=8 (full 2):
 PSYoungGen      total 68608K, used 68583K [0x00000000e0000000, 0x00000000e7b00000, 0x0000000100000000)
  eden space 63488K, 100% used [0x00000000e0000000,0x00000000e3e00000,0x00000000e3e00000)
  from space 5120K, 99% used [0x00000000e3e00000,0x00000000e42f9c20,0x00000000e4300000)
  to   space 5120K, 0% used [0x00000000e7600000,0x00000000e7600000,0x00000000e7b00000)
 ParOldGen       total 47104K, used 11896K [0x00000000a0000000, 0x00000000a2e00000, 0x00000000e0000000)
  object space 47104K, 25% used [0x00000000a0000000,0x00000000a0b9e328,0x00000000a2e00000)
 Metaspace       used 26285K, capacity 26672K, committed 26880K, reserved 1073152K
  class space    used 3428K, capacity 3532K, committed 3584K, reserved 1048576K
Event: 598.230 GC heap after
Heap after GC invocations=8 (full 2):
 PSYoungGen      total 112128K, used 5107K [0x00000000e0000000, 0x00000000e8900000, 0x0000000100000000)
  eden space 107008K, 0% used [0x00000000e0000000,0x00000000e0000000,0x00000000e6880000)
  from space 5120K, 99% used [0x00000000e7600000,0x00000000e7afcc00,0x00000000e7b00000)
  to   space 13824K, 0% used [0x00000000e6880000,0x00000000e6880000,0x00000000e7600000)
 ParOldGen       total 47104K, used 14608K [0x00000000a0000000, 0x00000000a2e00000, 0x00000000e0000000)
  object space 47104K, 31% used [0x00000000a0000000,0x00000000a0e44288,0x00000000a2e00000)
 Metaspace       used 26285K, capacity 26672K, committed 26880K, reserved 1073152K
  class space    used 3428K, capacity 3532K, committed 3584K, reserved 1048576K
}
Event: 674.912 GC heap before
{Heap before GC invocations=9 (full 2):
 PSYoungGen      total 112128K, used 66954K [0x00000000e0000000, 0x00000000e8900000, 0x0000000100000000)
  eden space 107008K, 57% used [0x00000000e0000000,0x00000000e3c65e08,0x00000000e6880000)
  from space 5120K, 99% used [0x00000000e7600000,0x00000000e7afcc00,0x00000000e7b00000)
  to   space 13824K, 0% used [0x00000000e6880000,0x00000000e6880000,0x00000000e7600000)
 ParOldGen       total 47104K, used 14608K [0x00000000a0000000, 0x00000000a2e00000, 0x00000000e0000000)
  object space 47104K, 31% used [0x00000000a0000000,0x00000000a0e44288,0x00000000a2e00000)
 Metaspace       used 34679K, capacity 35104K, committed 35416K, reserved 1079296K
  class space    used 4496K, capacity 4644K, committed 4736K, reserved 1048576K
Event: 674.931 GC heap after
Heap after GC invocations=9 (full 2):
 PSYoungGen      total 120832K, used 13822K [0x00000000e0000000, 0x00000000eda80000, 0x0000000100000000)
  eden space 107008K, 0% used [0x00000000e0000000,0x00000000e0000000,0x00000000e6880000)
  from space 13824K, 99% used [0x00000000e6880000,0x00000000e75ff840,0x00000000e7600000)
  to   space 19968K, 0% used [0x00000000ec700000,0x00000000ec700000,0x00000000eda80000)
 ParOldGen       total 47104K, used 21676K [0x00000000a0000000, 0x00000000a2e00000, 0x00000000e0000000)
  object space 47104K, 46% used [0x00000000a0000000,0x00000000a152b2b0,0x00000000a2e00000)
 Metaspace       used 34679K, capacity 35104K, committed 35416K, reserved 1079296K
  class space    used 4496K, capacity 4644K, committed 4736K, reserved 1048576K
}
Event: 674.931 GC heap before
{Heap before GC invocations=10 (full 3):
 PSYoungGen      total 120832K, used 13822K [0x00000000e0000000, 0x00000000eda80000, 0x0000000100000000)
  eden space 107008K, 0% used [0x00000000e0000000,0x00000000e0000000,0x00000000e6880000)
  from space 13824K, 99% used [0x00000000e6880000,0x00000000e75ff840,0x00000000e7600000)
  to   space 19968K, 0% used [0x00000000ec700000,0x00000000ec700000,0x00000000eda80000)
 ParOldGen       total 47104K, used 21676K [0x00000000a0000000, 0x00000000a2e00000, 0x00000000e0000000)
  object space 47104K, 46% used [0x00000000a0000000,0x00000000a152b2b0,0x00000000a2e00000)
 Metaspace       used 34679K, capacity 35104K, committed 35416K, reserved 1079296K
  class space    used 4496K, capacity 4644K, committed 4736K, reserved 1048576K
Event: 675.069 GC heap after
Heap after GC invocations=10 (full 3):
 PSYoungGen      total 120832K, used 0K [0x00000000e0000000, 0x00000000eda80000, 0x0000000100000000)
  eden space 107008K, 0% used [0x00000000e0000000,0x00000000e0000000,0x00000000e6880000)
  from space 13824K, 0% used [0x00000000e6880000,0x00000000e6880000,0x00000000e7600000)
  to   space 19968K, 0% used [0x00000000ec700000,0x00000000ec700000,0x00000000eda80000)
 ParOldGen       total 81408K, used 29792K [0x00000000a0000000, 0x00000000a4f80000, 0x00000000e0000000)
  object space 81408K, 36% used [0x00000000a0000000,0x00000000a1d180a0,0x00000000a4f80000)
 Metaspace       used 34679K, capacity 35104K, committed 35416K, reserved 1079296K
  class space    used 4496K, capacity 4644K, committed 4736K, reserved 1048576K
}
Event: 677.264 GC heap before
{Heap before GC invocations=11 (full 3):
 PSYoungGen      total 120832K, used 107008K [0x00000000e0000000, 0x00000000eda80000, 0x0000000100000000)
  eden space 107008K, 100% used [0x00000000e0000000,0x00000000e6880000,0x00000000e6880000)
  from space 13824K, 0% used [0x00000000e6880000,0x00000000e6880000,0x00000000e7600000)
  to   space 19968K, 0% used [0x00000000ec700000,0x00000000ec700000,0x00000000eda80000)
 ParOldGen       total 81408K, used 29792K [0x00000000a0000000, 0x00000000a4f80000, 0x00000000e0000000)
  object space 81408K, 36% used [0x00000000a0000000,0x00000000a1d180a0,0x00000000a4f80000)
 Metaspace       used 47805K, capacity 48560K, committed 48984K, reserved 1091584K
  class space    used 6044K, capacity 6236K, committed 6272K, reserved 1048576K
Event: 677.296 GC heap after
Heap after GC invocations=11 (full 3):
 PSYoungGen      total 197632K, used 19939K [0x00000000e0000000, 0x00000000eef80000, 0x0000000100000000)
  eden space 177664K, 0% used [0x00000000e0000000,0x00000000e0000000,0x00000000ead80000)
  from space 19968K, 99% used [0x00000000ec700000,0x00000000eda78df0,0x00000000eda80000)
  to   space 26112K, 0% used [0x00000000ead80000,0x00000000ead80000,0x00000000ec700000)
 ParOldGen       total 81408K, used 36551K [0x00000000a0000000, 0x00000000a4f80000, 0x00000000e0000000)
  object space 81408K, 44% used [0x00000000a0000000,0x00000000a23b1c10,0x00000000a4f80000)
 Metaspace       used 47805K, capacity 48560K, committed 48984K, reserved 1091584K
  class space    used 6044K, capacity 6236K, committed 6272K, reserved 1048576K
}
Event: 3759.427 GC heap before
{Heap before GC invocations=12 (full 3):
 PSYoungGen      total 197632K, used 197603K [0x00000000e0000000, 0x00000000eef80000, 0x0000000100000000)
  eden space 177664K, 100% used [0x00000000e0000000,0x00000000ead80000,0x00000000ead80000)
  from space 19968K, 99% used [0x00000000ec700000,0x00000000eda78df0,0x00000000eda80000)
  to   space 26112K, 0% used [0x00000000ead80000,0x00000000ead80000,0x00000000ec700000)
 ParOldGen       total 81408K, used 36551K [0x00000000a0000000, 0x00000000a4f80000, 0x00000000e0000000)
  object space 81408K, 44% used [0x00000000a0000000,0x00000000a23b1c10,0x00000000a4f80000)
 Metaspace       used 48859K, capacity 49686K, committed 50136K, reserved 1093632K
  class space    used 6116K, capacity 6293K, committed 6400K, reserved 1048576K

