# JRE version: OpenJDK Runtime Environment (8.0_152-b01) (build 1.8.0_152-release-915-b01)
# Java VM: OpenJDK 64-Bit Server VM (25.152-b01 mixed mode linux-amd64 compressed oops)
Heap:
 PSYoungGen      total 132096K, used 5108K [0x00000000e0000000, 0x00000000e8600000, 0x0000000100000000)
  eden space 126976K, 0% used [0x00000000e0000000,0x00000000e0000000,0x00000000e7c00000)
  from space 5120K, 99% used [0x00000000e7c00000,0x00000000e80fd0f8,0x00000000e8100000)
  to   space 5120K, 0% used [0x00000000e8100000,0x00000000e8100000,0x00000000e8600000)
 ParOldGen       total 55296K, used 14554K [0x00000000a0000000, 0x00000000a3600000, 0x00000000e0000000)
  object space 55296K, 26% used [0x00000000a0000000,0x00000000a0e36be0,0x00000000a3600000)
 Metaspace       used 30608K, capacity 31268K, committed 31488K, reserved 1077248K
  class space    used 4116K, capacity 4352K, committed 4352K, reserved 1048576K
GC Heap History (10 events):
Event: 0.873 GC heap after
Heap after GC invocations=1 (full 0):
 PSYoungGen      total 36864K, used 3853K [0x00000000e0000000, 0x00000000e4800000, 0x0000000100000000)
  eden space 31744K, 0% used [0x00000000e0000000,0x00000000e0000000,0x00000000e1f00000)
  from space 5120K, 75% used [0x00000000e1f00000,0x00000000e22c34e0,0x00000000e2400000)
  to   space 5120K, 0% used [0x00000000e4300000,0x00000000e4300000,0x00000000e4800000)
 ParOldGen       total 84992K, used 8K [0x00000000a0000000, 0x00000000a5300000, 0x00000000e0000000)
  object space 84992K, 0% used [0x00000000a0000000,0x00000000a0002000,0x00000000a5300000)
 Metaspace       used 6446K, capacity 6638K, committed 6784K, reserved 1056768K
  class space    used 790K, capacity 875K, committed 896K, reserved 1048576K
}
Event: 1.638 GC heap before
{Heap before GC invocations=2 (full 0):
 PSYoungGen      total 36864K, used 35597K [0x00000000e0000000, 0x00000000e4800000, 0x0000000100000000)
  eden space 31744K, 100% used [0x00000000e0000000,0x00000000e1f00000,0x00000000e1f00000)
  from space 5120K, 75% used [0x00000000e1f00000,0x00000000e22c34e0,0x00000000e2400000)
  to   space 5120K, 0% used [0x00000000e4300000,0x00000000e4300000,0x00000000e4800000)
 ParOldGen       total 84992K, used 8K [0x00000000a0000000, 0x00000000a5300000, 0x00000000e0000000)
  object space 84992K, 0% used [0x00000000a0000000,0x00000000a0002000,0x00000000a5300000)
 Metaspace       used 11665K, capacity 12030K, committed 12288K, reserved 1060864K
  class space    used 1569K, capacity 1701K, committed 1792K, reserved 1048576K
Event: 1.648 GC heap after
Heap after GC invocations=2 (full 0):
 PSYoungGen      total 68608K, used 5117K [0x00000000e0000000, 0x00000000e4800000, 0x0000000100000000)
  eden space 63488K, 0% used [0x00000000e0000000,0x00000000e0000000,0x00000000e3e00000)
  from space 5120K, 99% used [0x00000000e4300000,0x00000000e47ff410,0x00000000e4800000)
  to   space 5120K, 0% used [0x00000000e3e00000,0x00000000e3e00000,0x00000000e4300000)
 ParOldGen       total 84992K, used 699K [0x00000000a0000000, 0x00000000a5300000, 0x00000000e0000000)
  object space 84992K, 0% used [0x00000000a0000000,0x00000000a00aeff0,0x00000000a5300000)
 Metaspace       used 11665K, capacity 12030K, committed 12288K, reserved 1060864K
  class space    used 1569K, capacity 1701K, committed 1792K, reserved 1048576K
}
Event: 2.973 GC heap before
{Heap before GC invocations=3 (full 0):
 PSYoungGen      total 68608K, used 68605K [0x00000000e0000000, 0x00000000e4800000, 0x0000000100000000)
  eden space 63488K, 100% used [0x00000000e0000000,0x00000000e3e00000,0x00000000e3e00000)
  from space 5120K, 99% used [0x00000000e4300000,0x00000000e47ff410,0x00000000e4800000)
  to   space 5120K, 0% used [0x00000000e3e00000,0x00000000e3e00000,0x00000000e4300000)
 ParOldGen       total 84992K, used 699K [0x00000000a0000000, 0x00000000a5300000, 0x00000000e0000000)
  object space 84992K, 0% used [0x00000000a0000000,0x00000000a00aeff0,0x00000000a5300000)
 Metaspace       used 20380K, capacity 20822K, committed 20992K, reserved 1067008K
  class space    used 2838K, capacity 3002K, committed 3072K, reserved 1048576K
Event: 3.005 GC heap after
Heap after GC invocations=3 (full 0):
 PSYoungGen      total 68608K, used 5088K [0x00000000e0000000, 0x00000000e8600000, 0x0000000100000000)
  eden space 63488K, 0% used [0x00000000e0000000,0x00000000e0000000,0x00000000e3e00000)
  from space 5120K, 99% used [0x00000000e3e00000,0x00000000e42f8020,0x00000000e4300000)
  to   space 5120K, 0% used [0x00000000e8100000,0x00000000e8100000,0x00000000e8600000)
 ParOldGen       total 84992K, used 8149K [0x00000000a0000000, 0x00000000a5300000, 0x00000000e0000000)
  object space 84992K, 9% used [0x00000000a0000000,0x00000000a07f5600,0x00000000a5300000)
 Metaspace       used 20380K, capacity 20822K, committed 20992K, reserved 1067008K
  class space    used 2838K, capacity 3002K, committed 3072K, reserved 1048576K
}
Event: 3.089 GC heap before
{Heap before GC invocations=4 (full 0):
 PSYoungGen      total 68608K, used 10603K [0x00000000e0000000, 0x00000000e8600000, 0x0000000100000000)
  eden space 63488K, 8% used [0x00000000e0000000,0x00000000e0562c48,0x00000000e3e00000)
  from space 5120K, 99% used [0x00000000e3e00000,0x00000000e42f8020,0x00000000e4300000)
  to   space 5120K, 0% used [0x00000000e8100000,0x00000000e8100000,0x00000000e8600000)
 ParOldGen       total 84992K, used 8149K [0x00000000a0000000, 0x00000000a5300000, 0x00000000e0000000)
  object space 84992K, 9% used [0x00000000a0000000,0x00000000a07f5600,0x00000000a5300000)
 Metaspace       used 20733K, capacity 21142K, committed 21248K, reserved 1067008K
  class space    used 2884K, capacity 3066K, committed 3072K, reserved 1048576K
Event: 3.096 GC heap after
Heap after GC invocations=4 (full 0):
 PSYoungGen      total 132096K, used 5108K [0x00000000e0000000, 0x00000000e8600000, 0x0000000100000000)
  eden space 126976K, 0% used [0x00000000e0000000,0x00000000e0000000,0x00000000e7c00000)
  from space 5120K, 99% used [0x00000000e8100000,0x00000000e85fd030,0x00000000e8600000)
  to   space 5120K, 0% used [0x00000000e7c00000,0x00000000e7c00000,0x00000000e8100000)
 ParOldGen       total 84992K, used 8610K [0x00000000a0000000, 0x00000000a5300000, 0x00000000e0000000)
  object space 84992K, 10% used [0x00000000a0000000,0x00000000a0868830,0x00000000a5300000)
 Metaspace       used 20733K, capacity 21142K, committed 21248K, reserved 1067008K
  class space    used 2884K, capacity 3066K, committed 3072K, reserved 1048576K
}
Event: 3.096 GC heap before
{Heap before GC invocations=5 (full 1):
 PSYoungGen      total 132096K, used 5108K [0x00000000e0000000, 0x00000000e8600000, 0x0000000100000000)
  eden space 126976K, 0% used [0x00000000e0000000,0x00000000e0000000,0x00000000e7c00000)
  from space 5120K, 99% used [0x00000000e8100000,0x00000000e85fd030,0x00000000e8600000)
  to   space 5120K, 0% used [0x00000000e7c00000,0x00000000e7c00000,0x00000000e8100000)
 ParOldGen       total 84992K, used 8610K [0x00000000a0000000, 0x00000000a5300000, 0x00000000e0000000)
  object space 84992K, 10% used [0x00000000a0000000,0x00000000a0868830,0x00000000a5300000)
 Metaspace       used 20733K, capacity 21142K, committed 21248K, reserved 1067008K
  class space    used 2884K, capacity 3066K, committed 3072K, reserved 1048576K
Event: 3.136 GC heap after
Heap after GC invocations=5 (full 1):
 PSYoungGen      total 132096K, used 0K [0x00000000e0000000, 0x00000000e8600000, 0x0000000100000000)
  eden space 126976K, 0% used [0x00000000e0000000,0x00000000e0000000,0x00000000e7c00000)
  from space 5120K, 0% used [0x00000000e8100000,0x00000000e8100000,0x00000000e8600000)
  to   space 5120K, 0% used [0x00000000e7c00000,0x00000000e7c00000,0x00000000e8100000)
 ParOldGen       total 55296K, used 7606K [0x00000000a0000000, 0x00000000a3600000, 0x00000000e0000000)
  object space 55296K, 13% used [0x00000000a0000000,0x00000000a076db88,0x00000000a3600000)
 Metaspace       used 20733K, capacity 21142K, committed 21248K, reserved 1067008K
  class space    used 2884K, capacity 3066K, committed 3072K, reserved 1048576K
}
Event: 5.005 GC heap before
{Heap before GC invocations=6 (full 1):
 PSYoungGen      total 132096K, used 126976K [0x00000000e0000000, 0x00000000e8600000, 0x0000000100000000)
  eden space 126976K, 100% used [0x00000000e0000000,0x00000000e7c00000,0x00000000e7c00000)
  from space 5120K, 0% used [0x00000000e8100000,0x00000000e8100000,0x00000000e8600000)
  to   space 5120K, 0% used [0x00000000e7c00000,0x00000000e7c00000,0x00000000e8100000)
 ParOldGen       total 55296K, used 7606K [0x00000000a0000000, 0x00000000a3600000, 0x00000000e0000000)
  object space 55296K, 13% used [0x00000000a0000000,0x00000000a076db88,0x00000000a3600000)
 Metaspace       used 30608K, capacity 31268K, committed 31488K, reserved 1077248K
  class space    used 4116K, capacity 4352K, committed 4352K, reserved 1048576K

